<?xml version="1.0" encoding="UTF-8"?>
<testng-results skipped="0" failed="0" total="4" passed="4">
  <reporter-output>
  </reporter-output>
  <suite name="用户管理测试套件" duration-ms="13963" started-at="2020-02-22T15:49:23Z" finished-at="2020-02-22T15:49:37Z">
    <groups>
      <group name="loginTrue">
        <method signature="com.course.cases.LoginTest.loginTrue()" name="loginTrue" class="com.course.cases.LoginTest"/>
      </group>
    </groups>
    <test name="用户管理系统测试用例" duration-ms="13963" started-at="2020-02-22T15:49:23Z" finished-at="2020-02-22T15:49:37Z">
      <class name="com.course.cases.LoginTest">
        <test-method status="PASS" signature="beforeTest()" name="beforeTest" is-config="true" duration-ms="86" started-at="2020-02-22T15:49:23Z" description="娴嬭瘯鍑嗗宸ヤ綔" finished-at="2020-02-22T15:49:23Z">
        </test-method>
        <test-method status="PASS" signature="loginTrue()" name="loginTrue" duration-ms="6470" started-at="2020-02-22T15:49:23Z" description="鐢ㄦ埛鎴愬姛鐧婚檰鎺ュ彛" finished-at="2020-02-22T15:49:30Z">
        </test-method>
        <test-method status="PASS" signature="loginFalse()" name="loginFalse" duration-ms="3080" started-at="2020-02-22T15:49:34Z" description="鐢ㄦ埛鐧婚檰澶辫触鎺ュ彛" finished-at="2020-02-22T15:49:37Z">
        </test-method>
      </class>
      <class name="com.course.cases.AddUserTest">
        <test-method status="PASS" signature="addUser()" name="addUser" duration-ms="2106" depends-on-groups="loginTrue" started-at="2020-02-22T15:49:30Z" description="娣诲姞鐢ㄦ埛鎺ュ彛鎺ュ彛" finished-at="2020-02-22T15:49:32Z">
        </test-method>
      </class>
      <class name="com.course.cases.GetUserInfoListTest">
        <test-method status="PASS" signature="getUserListInfo()" name="getUserListInfo" duration-ms="2190" depends-on-groups="loginTrue" started-at="2020-02-22T15:49:32Z" description="鑾峰彇鎬у埆涓虹敺鐨勭敤鎴蜂俊鎭�" finished-at="2020-02-22T15:49:34Z">
        </test-method>
      </class>
    </test>
  </suite>
</testng-results>
