<?xml version="1.0" encoding="UTF-8"?>
<testsuite name="TestSuite" time="13.846" tests="4" errors="0" skipped="0" failures="0">
  <properties>
[...]
</properties>
  <testcase name="loginTrue" classname="com.course.cases.LoginTest" time="6.47"/>
  <testcase name="addUser" classname="com.course.cases.AddUserTest" time="2.105"/>
  <testcase name="getUserListInfo" classname="com.course.cases.GetUserInfoListTest" time="2.191"/>
  <testcase name="loginFalse" classname="com.course.cases.LoginTest" time="3.08"/>
</testsuite>